  blockVertices.cpp
D:\Visual Studio\repos\MyMC\include\game.h(17,33): warning C4305: “初始化”: 从“double”到“float”截断
  event.cpp
D:\Visual Studio\repos\MyMC\include\game.h(17,33): warning C4305: “初始化”: 从“double”到“float”截断
  gameWindow.cpp
D:\Visual Studio\repos\MyMC\include\game.h(17,33): warning C4305: “初始化”: 从“double”到“float”截断
D:\Visual Studio\repos\MyMC\src\gameWindow.cpp(153,26): warning C4244: “=”: 从“double”转换到“float”，可能丢失数据
D:\Visual Studio\repos\MyMC\src\gameWindow.cpp(154,26): warning C4244: “=”: 从“double”转换到“float”，可能丢失数据
D:\Visual Studio\repos\MyMC\src\gameWindow.cpp(159,32): warning C4244: “=”: 从“double”转换到“float”，可能丢失数据
D:\Visual Studio\repos\MyMC\src\gameWindow.cpp(237,16): warning C4244: “初始化”: 从“double”转换到“float”，可能丢失数据
D:\Visual Studio\repos\MyMC\src\gameWindow.cpp(238,16): warning C4244: “初始化”: 从“double”转换到“float”，可能丢失数据
D:\Visual Studio\repos\MyMC\src\gameWindow.cpp(252,10): warning C4244: “=”: 从“double”转换到“float”，可能丢失数据
D:\Visual Studio\repos\MyMC\src\gameWindow.cpp(253,10): warning C4244: “=”: 从“double”转换到“float”，可能丢失数据
D:\Visual Studio\repos\MyMC\src\gameWindow.cpp(257,63): warning C4305: “参数”: 从“double”到“float”截断
D:\Visual Studio\repos\MyMC\src\gameWindow.cpp(260,66): warning C4244: “参数”: 从“int”转换到“float”，可能丢失数据
D:\Visual Studio\repos\MyMC\src\gameWindow.cpp(260,63): warning C4244: “参数”: 从“int”转换到“float”，可能丢失数据
D:\Visual Studio\repos\MyMC\src\gameWindow.cpp(260,60): warning C4244: “参数”: 从“int”转换到“float”，可能丢失数据
  main.cpp
D:\Visual Studio\repos\MyMC\include\game.h(17,33): warning C4305: “初始化”: 从“double”到“float”截断
D:\Visual Studio\repos\MyMC\src\main.cpp(13,20): warning C4305: “初始化”: 从“double”到“float”截断
D:\Visual Studio\repos\MyMC\src\main.cpp(14,22): warning C4305: “初始化”: 从“double”到“float”截断
D:\Visual Studio\repos\MyMC\src\main.cpp(15,31): warning C4305: “初始化”: 从“double”到“float”截断
  world.cpp
D:\Visual Studio\repos\MyMC\include\game.h(17,33): warning C4305: “初始化”: 从“double”到“float”截断
  正在生成代码...
LINK : warning LNK4098: 默认库“MSVCRT”与其他库的使用冲突；请使用 /NODEFAULTLIB:library
  MyMC.vcxproj -> D:\Visual Studio\repos\MyMC\Debug\MyMC.exe
